<?xml version="1.0" encoding="UTF-8"?>
<!-- Generated by org.testng.reporters.JUnitReportReporter -->
<testsuite skipped="0" hostname="DESKTOP-9JNRNPM" name="org.api.AuthAdactin" tests="1" failures="0" timestamp="23 Jun 2022 09:05:03 GMT" time="4.122" errors="0">
  <testcase name="login" time="4.122" classname="org.api.AuthAdactin"/>
</testsuite> <!-- org.api.AuthAdactin -->
